<?xml version="1.0" encoding="utf-8"?><testsuites><testsuite name="pytest" errors="0" failures="0" skipped="0" tests="7" time="4.801" timestamp="2024-07-19T05:13:29.902172" hostname="709f74766e0f"><testcase classname="test_users.TestUsers" name="test_create_user" time="0.368" /><testcase classname="test_users.TestUsers" name="test_create_user_duplicate_email" time="0.286" /><testcase classname="test_users.TestUsers" name="test_create_user_duplicate_username" time="0.285" /><testcase classname="test_users.TestUsers" name="test_delete_user" time="0.647" /><testcase classname="test_users.TestUsers" name="test_get_current_user" time="0.604" /><testcase classname="test_users.TestUsers" name="test_login_user" time="0.601" /><testcase classname="test_users.TestUsers" name="test_login_user_invalid_credentials" time="0.555" /></testsuite></testsuites>