<?xml version="1.0" encoding="utf-8"?><testsuites><testsuite name="pytest" errors="0" failures="0" skipped="0" tests="7" time="4.841" timestamp="2024-07-19T05:23:16.748273" hostname="43aef0021690"><testcase classname="test_users.TestUsers" name="test_create_user" time="0.371" /><testcase classname="test_users.TestUsers" name="test_create_user_duplicate_email" time="0.289" /><testcase classname="test_users.TestUsers" name="test_create_user_duplicate_username" time="0.288" /><testcase classname="test_users.TestUsers" name="test_delete_user" time="0.647" /><testcase classname="test_users.TestUsers" name="test_get_current_user" time="0.605" /><testcase classname="test_users.TestUsers" name="test_login_user" time="0.599" /><testcase classname="test_users.TestUsers" name="test_login_user_invalid_credentials" time="0.556" /></testsuite></testsuites>